TN:
SF:src/modules/paymentSlip/useCases/ValidatePaymentSlipUseCase.ts
FN:15,ValidatePaymentSlipUseCase
FN:19,execute
FNF:2
FNH:2
FNDA:5,ValidatePaymentSlipUseCase
FNDA:5,execute
DA:1,1
DA:2,1
DA:3,1
DA:4,1
DA:5,1
DA:6,1
DA:7,1
DA:8,1
DA:9,1
DA:10,1
DA:11,1
DA:12,1
DA:13,1
DA:14,1
DA:15,1
DA:16,5
DA:17,5
DA:18,5
DA:19,1
DA:20,5
DA:21,5
DA:22,5
DA:23,5
DA:24,3
DA:25,3
DA:26,3
DA:27,3
DA:28,3
DA:29,3
DA:30,3
DA:31,3
DA:32,3
DA:33,3
DA:34,3
DA:35,3
DA:36,3
DA:37,1
DA:38,1
DA:39,1
DA:40,1
DA:41,1
DA:42,1
DA:43,5
DA:44,2
DA:45,2
DA:46,2
DA:47,2
DA:48,2
DA:49,2
DA:50,2
DA:51,2
DA:52,2
DA:53,2
DA:54,2
DA:55,2
DA:56,2
DA:57,2
DA:58,2
DA:59,2
DA:60,2
DA:61,2
DA:62,2
DA:63,2
DA:64,1
DA:65,2
DA:66,1
DA:67,1
DA:68,1
DA:69,1
DA:70,1
DA:71,1
DA:72,2
DA:73,3
DA:74,3
DA:75,3
DA:76,3
DA:77,3
DA:78,3
DA:79,3
DA:80,3
DA:81,3
DA:82,3
DA:83,3
DA:84,5
DA:85,1
DA:86,1
DA:87,1
DA:88,1
DA:89,1
DA:90,1
DA:91,2
DA:92,2
DA:93,2
DA:94,2
DA:95,2
DA:96,2
DA:97,2
DA:98,2
DA:99,2
DA:100,2
DA:101,2
DA:102,2
DA:103,2
DA:104,2
DA:105,2
DA:106,2
DA:107,2
DA:108,2
DA:109,2
DA:110,2
DA:111,5
DA:112,1
DA:113,1
DA:114,2
DA:115,2
DA:116,2
DA:117,2
DA:118,2
DA:119,2
DA:120,2
DA:121,1
DA:122,1
DA:123,1
LF:123
LH:123
BRDA:15,0,0,5
BRDA:19,1,0,5
BRDA:21,2,0,3
BRDA:21,3,0,2
BRDA:23,4,0,3
BRDA:36,5,0,2
BRDA:36,6,0,2
BRDA:36,7,0,1
BRDA:43,8,0,2
BRDA:61,9,0,1
BRDA:62,10,0,1
BRDA:63,11,0,1
BRDA:65,12,0,1
BRDA:73,13,0,3
BRDA:84,14,0,1
BRDA:91,15,0,2
BRDA:111,16,0,1
BRDA:114,17,0,2
BRF:18
BRH:18
end_of_record
TN:
SF:src/shared/container/providers/PaymentSlipProvider/implementations/PaymentSlipProvider.ts
FN:8,fieldIsValid
FN:46,getBarCode
FN:72,barCodeIsValid
FN:165,getAmount
FN:174,getExpirationDate
FNF:5
FNH:5
FNDA:19,fieldIsValid
FNDA:5,getBarCode
FNDA:7,barCodeIsValid
FNDA:4,getAmount
FNDA:4,getExpirationDate
DA:1,1
DA:2,1
DA:3,1
DA:4,1
DA:5,1
DA:6,1
DA:7,1
DA:8,1
DA:9,19
DA:10,19
DA:11,19
DA:12,19
DA:13,19
DA:14,19
DA:15,19
DA:16,19
DA:17,19
DA:18,245
DA:19,245
DA:20,245
DA:21,129
DA:22,245
DA:23,245
DA:24,245
DA:25,245
DA:26,245
DA:27,19
DA:28,19
DA:29,19
DA:30,19
DA:31,19
DA:32,245
DA:33,245
DA:34,19
DA:35,19
DA:36,19
DA:37,19
DA:38,19
DA:39,19
DA:40,19
DA:41,19
DA:42,19
DA:43,19
DA:44,19
DA:45,1
DA:46,1
DA:47,5
DA:48,5
DA:49,5
DA:50,3
DA:51,3
DA:52,3
DA:53,3
DA:54,3
DA:55,3
DA:56,3
DA:57,3
DA:58,3
DA:59,3
DA:60,3
DA:61,3
DA:62,2
DA:63,2
DA:64,2
DA:65,2
DA:66,2
DA:67,2
DA:68,2
DA:69,2
DA:70,2
DA:71,1
DA:72,1
DA:73,7
DA:74,4
DA:75,4
DA:76,4
DA:77,4
DA:78,4
DA:79,4
DA:80,4
DA:81,4
DA:82,4
DA:83,4
DA:84,172
DA:85,20
DA:86,172
DA:87,172
DA:88,172
DA:89,4
DA:90,4
DA:91,4
DA:92,4
DA:93,4
DA:94,4
DA:95,4
DA:96,4
DA:97,4
DA:98,4
DA:99,4
DA:100,0
DA:101,0
DA:102,4
DA:103,4
DA:104,4
DA:105,3
DA:106,3
DA:107,3
DA:108,3
DA:109,3
DA:110,3
DA:111,3
DA:112,3
DA:113,3
DA:114,3
DA:115,3
DA:116,3
DA:117,3
DA:118,9
DA:119,9
DA:120,9
DA:121,6
DA:122,9
DA:123,9
DA:124,9
DA:125,9
DA:126,9
DA:127,3
DA:128,3
DA:129,3
DA:130,120
DA:131,120
DA:132,120
DA:133,60
DA:134,60
DA:135,120
DA:136,120
DA:137,120
DA:138,120
DA:139,3
DA:140,3
DA:141,3
DA:142,3
DA:143,3
DA:144,9
DA:145,9
DA:146,3
DA:147,3
DA:148,3
DA:149,3
DA:150,3
DA:151,3
DA:152,3
DA:153,120
DA:154,120
DA:155,3
DA:156,3
DA:157,3
DA:158,3
DA:159,3
DA:160,3
DA:161,3
DA:162,3
DA:163,3
DA:164,1
DA:165,1
DA:166,4
DA:167,2
DA:168,2
DA:169,2
DA:170,2
DA:171,2
DA:172,2
DA:173,1
DA:174,1
DA:175,4
DA:176,4
DA:177,4
DA:178,4
DA:179,2
DA:180,2
DA:181,2
DA:182,2
DA:183,2
DA:184,2
DA:185,2
DA:186,2
DA:187,2
DA:188,2
DA:189,1
DA:190,1
DA:191,1
LF:191
LH:189
BRDA:8,0,0,19
BRDA:41,1,0,0
BRDA:17,2,0,245
BRDA:20,3,0,129
BRDA:22,4,0,116
BRDA:31,5,0,245
BRDA:32,6,0,87
BRDA:33,7,0,158
BRDA:33,8,0,7
BRDA:46,9,0,5
BRDA:49,10,0,4
BRDA:49,11,0,3
BRDA:62,12,0,2
BRDA:72,13,0,7
BRDA:73,14,0,4
BRDA:99,15,0,0
BRDA:105,16,0,3
BRDA:83,17,0,172
BRDA:84,18,0,20
BRDA:86,19,0,152
BRDA:117,20,0,9
BRDA:120,21,0,6
BRDA:122,22,0,3
BRDA:129,23,0,120
BRDA:132,24,0,60
BRDA:143,25,0,9
BRDA:144,26,0,0
BRDA:145,27,0,0
BRDA:152,28,0,120
BRDA:153,29,0,51
BRDA:154,30,0,69
BRDA:154,31,0,3
BRDA:165,32,0,4
BRDA:166,33,0,2
BRDA:174,34,0,4
BRDA:178,35,0,2
BRF:36
BRH:32
end_of_record
TN:
SF:src/shared/errors/AppError.ts
FN:14,AppError
FNF:1
FNH:1
FNDA:6,AppError
DA:1,1
DA:2,1
DA:3,1
DA:4,1
DA:5,1
DA:6,1
DA:7,1
DA:8,1
DA:9,1
DA:10,1
DA:11,1
DA:12,1
DA:13,1
DA:14,1
DA:15,6
DA:16,6
DA:17,6
DA:18,6
DA:19,1
DA:20,1
DA:21,1
LF:21
LH:21
BRDA:14,0,0,6
BRF:1
BRH:1
end_of_record
TN:
SF:src/utils/formatDateYYYYMMDD.ts
FN:1,formatDateYYYYMMDD
FNF:1
FNH:1
FNDA:2,formatDateYYYYMMDD
DA:1,2
DA:2,2
DA:3,2
DA:4,1
DA:5,1
LF:5
LH:5
BRDA:1,0,0,2
BRF:1
BRH:1
end_of_record
TN:
SF:src/utils/formatMoneyToBRL.ts
FN:6,formatMoneyToBRL
FNF:1
FNH:1
FNDA:3,formatMoneyToBRL
DA:1,1
DA:2,1
DA:3,1
DA:4,1
DA:5,1
DA:6,3
DA:7,3
DA:8,3
DA:9,1
DA:10,1
LF:10
LH:10
BRDA:6,0,0,3
BRF:1
BRH:1
end_of_record
TN:
SF:src/utils/stringHasOnlyNumericCharacters.ts
FN:1,stringHasOnlyNumericCharacters
FNF:1
FNH:1
FNDA:2,stringHasOnlyNumericCharacters
DA:1,2
DA:2,2
DA:3,2
DA:4,1
DA:5,1
LF:5
LH:5
BRDA:1,0,0,2
BRF:1
BRH:1
end_of_record
